This file contains any messages produced by compilers while
running configure, to aid debugging if configure makes a mistake.

It was created by configure, which was
generated by GNU Autoconf 2.68.  Invocation command line was

  $ ./configure --with-pdo-4d

## --------- ##
## Platform. ##
## --------- ##

hostname = vm-braindump
uname -m = i686
uname -r = 3.2.0-27-generic-pae
uname -s = Linux
uname -v = #43-Ubuntu SMP Fri Jul 6 15:06:05 UTC 2012

/usr/bin/uname -p = unknown
/bin/uname -X     = unknown

/bin/arch              = unknown
/usr/bin/arch -k       = unknown
/usr/convex/getsysinfo = unknown
/usr/bin/hostinfo      = unknown
/bin/machine           = unknown
/usr/bin/oslevel       = unknown
/bin/universe          = unknown

PATH: /usr/local/sbin
PATH: /usr/local/bin
PATH: /usr/sbin
PATH: /usr/bin
PATH: /sbin
PATH: /bin
PATH: /usr/games


## ----------- ##
## Core tests. ##
## ----------- ##

configure:2058: checking for grep that handles long lines and -e
configure:2116: result: /bin/grep
configure:2121: checking for egrep
configure:2183: result: /bin/grep -E
configure:2188: checking for a sed that does not truncate output
configure:2252: result: /bin/sed
configure:2386: checking for cc
configure:2402: found /usr/bin/cc
configure:2413: result: cc
configure:2444: checking for C compiler version
configure:2453: cc --version >&5
cc (Ubuntu/Linaro 4.6.3-1ubuntu5) 4.6.3
Copyright (C) 2011 Free Software Foundation, Inc.
This is free software; see the source for copying conditions.  There is NO
warranty; not even for MERCHANTABILITY or FITNESS FOR A PARTICULAR PURPOSE.

configure:2464: $? = 0
configure:2453: cc -v >&5
Using built-in specs.
COLLECT_GCC=cc
COLLECT_LTO_WRAPPER=/usr/lib/gcc/i686-linux-gnu/4.6/lto-wrapper
Target: i686-linux-gnu
Configured with: ../src/configure -v --with-pkgversion='Ubuntu/Linaro 4.6.3-1ubuntu5' --with-bugurl=file:///usr/share/doc/gcc-4.6/README.Bugs --enable-languages=c,c++,fortran,objc,obj-c++ --prefix=/usr --program-suffix=-4.6 --enable-shared --enable-linker-build-id --with-system-zlib --libexecdir=/usr/lib --without-included-gettext --enable-threads=posix --with-gxx-include-dir=/usr/include/c++/4.6 --libdir=/usr/lib --enable-nls --with-sysroot=/ --enable-clocale=gnu --enable-libstdcxx-debug --enable-libstdcxx-time=yes --enable-gnu-unique-object --enable-plugin --enable-objc-gc --enable-targets=all --disable-werror --with-arch-32=i686 --with-tune=generic --enable-checking=release --build=i686-linux-gnu --host=i686-linux-gnu --target=i686-linux-gnu
Thread model: posix
gcc version 4.6.3 (Ubuntu/Linaro 4.6.3-1ubuntu5) 
configure:2464: $? = 0
configure:2453: cc -V >&5
cc: error: unrecognized option '-V'
cc: fatal error: no input files
compilation terminated.
configure:2464: $? = 4
configure:2453: cc -qversion >&5
cc: error: unrecognized option '-qversion'
cc: fatal error: no input files
compilation terminated.
configure:2464: $? = 4
configure:2484: checking whether the C compiler works
configure:2506: cc    conftest.c  >&5
configure:2510: $? = 0
configure:2558: result: yes
configure:2561: checking for C compiler default output file name
configure:2563: result: a.out
configure:2569: checking for suffix of executables
configure:2576: cc -o conftest    conftest.c  >&5
configure:2580: $? = 0
configure:2602: result: 
configure:2624: checking whether we are cross compiling
configure:2632: cc -o conftest    conftest.c  >&5
configure:2636: $? = 0
configure:2643: ./conftest
configure:2647: $? = 0
configure:2662: result: no
configure:2667: checking for suffix of object files
configure:2689: cc -c   conftest.c >&5
configure:2693: $? = 0
configure:2714: result: o
configure:2718: checking whether we are using the GNU C compiler
configure:2737: cc -c   conftest.c >&5
configure:2737: $? = 0
configure:2746: result: yes
configure:2755: checking whether cc accepts -g
configure:2775: cc -c -g  conftest.c >&5
configure:2775: $? = 0
configure:2816: result: yes
configure:2833: checking for cc option to accept ISO C89
configure:2897: cc  -c -g -O2  conftest.c >&5
configure:2897: $? = 0
configure:2910: result: none needed
configure:2936: checking how to run the C preprocessor
configure:2967: cc -E  conftest.c
configure:2967: $? = 0
configure:2981: cc -E  conftest.c
conftest.c:9:28: fatal error: ac_nonexistent.h: No such file or directory
compilation terminated.
configure:2981: $? = 1
configure: failed program was:
| /* confdefs.h */
| #define PACKAGE_NAME ""
| #define PACKAGE_TARNAME ""
| #define PACKAGE_VERSION ""
| #define PACKAGE_STRING ""
| #define PACKAGE_BUGREPORT ""
| #define PACKAGE_URL ""
| /* end confdefs.h.  */
| #include <ac_nonexistent.h>
configure:3006: result: cc -E
configure:3026: cc -E  conftest.c
configure:3026: $? = 0
configure:3040: cc -E  conftest.c
conftest.c:9:28: fatal error: ac_nonexistent.h: No such file or directory
compilation terminated.
configure:3040: $? = 1
configure: failed program was:
| /* confdefs.h */
| #define PACKAGE_NAME ""
| #define PACKAGE_TARNAME ""
| #define PACKAGE_VERSION ""
| #define PACKAGE_STRING ""
| #define PACKAGE_BUGREPORT ""
| #define PACKAGE_URL ""
| /* end confdefs.h.  */
| #include <ac_nonexistent.h>
configure:3071: checking for icc
configure:3080: result: no
configure:3094: checking for suncc
configure:3103: result: no
configure:3121: checking whether cc understands -c and -o together
configure:3149: cc -c conftest.c -o conftest2.o >&5
configure:3153: $? = 0
configure:3159: cc -c conftest.c -o conftest2.o >&5
configure:3163: $? = 0
configure:3218: result: yes
configure:3232: checking for system library directory
configure:3247: result: lib
configure:3254: checking if compiler supports -R
configure:3273: cc -o conftest -g -O2   conftest.c -R /usr/lib  >&5
cc: error: unrecognized option '-R'
configure:3273: $? = 1
configure: failed program was:
| /* confdefs.h */
| #define PACKAGE_NAME ""
| #define PACKAGE_TARNAME ""
| #define PACKAGE_VERSION ""
| #define PACKAGE_STRING ""
| #define PACKAGE_BUGREPORT ""
| #define PACKAGE_URL ""
| /* end confdefs.h.  */
| 
| int
| main ()
| {
| 
|   ;
|   return 0;
| }
configure:3283: result: no
configure:3288: checking if compiler supports -Wl,-rpath,
configure:3307: cc -o conftest -g -O2   conftest.c -Wl,-rpath,/usr/lib  >&5
configure:3307: $? = 0
configure:3317: result: yes
configure:3362: checking build system type
configure:3376: result: i686-pc-linux-gnu
configure:3396: checking host system type
configure:3409: result: i686-pc-linux-gnu
configure:3429: checking target system type
configure:3442: result: i686-pc-linux-gnu
configure:3545: checking for PHP prefix
configure:3547: result: /usr
configure:3549: checking for PHP includes
configure:3551: result: -I/usr/include/php5 -I/usr/include/php5/main -I/usr/include/php5/TSRM -I/usr/include/php5/Zend -I/usr/include/php5/ext -I/usr/include/php5/ext/date/lib -D_LARGEFILE_SOURCE -D_FILE_OFFSET_BITS=64
configure:3553: checking for PHP extension directory
configure:3555: result: /usr/lib/php5/20090626+lfs
configure:3557: checking for PHP installed headers prefix
configure:3559: result: /usr/include/php5
configure:3562: checking if debug is enabled
configure:3588: result: no
configure:3591: checking if zts is enabled
configure:3617: result: no
configure:3691: checking for re2c
configure:3721: result: no
configure:3746: WARNING: You will need re2c 0.13.4 or later if you want to regenerate PHP parsers.
configure:3760: checking for gawk
configure:3777: found /usr/bin/gawk
configure:3788: result: gawk
configure:3832: checking for 4D-SQL support for PDO
configure:3872: result: yes, shared
configure:3884: checking for PDO includes
configure:3890: checking for PDO includes
configure:3901: result: /usr/include/php/ext
configure:4813: checking how to print strings
configure:4840: result: printf
configure:4861: checking for a sed that does not truncate output
configure:4925: result: /bin/sed
configure:4943: checking for fgrep
configure:5005: result: /bin/grep -F
configure:5040: checking for ld used by cc
configure:5107: result: /usr/bin/ld
configure:5114: checking if the linker (/usr/bin/ld) is GNU ld
configure:5129: result: yes
configure:5141: checking for BSD- or MS-compatible name lister (nm)
configure:5190: result: /usr/bin/nm -B
configure:5320: checking the name lister (/usr/bin/nm -B) interface
configure:5327: cc -c -g -O2  conftest.c >&5
configure:5330: /usr/bin/nm -B "conftest.o"
configure:5333: output
00000000 B some_variable
configure:5340: result: BSD nm
configure:5343: checking whether ln -s works
configure:5347: result: yes
configure:5355: checking the maximum length of command line arguments
configure:5485: result: 1572864
configure:5502: checking whether the shell understands some XSI constructs
configure:5512: result: yes
configure:5516: checking whether the shell understands "+="
configure:5522: result: yes
configure:5557: checking how to convert i686-pc-linux-gnu file names to i686-pc-linux-gnu format
configure:5597: result: func_convert_file_noop
configure:5604: checking how to convert i686-pc-linux-gnu file names to toolchain format
configure:5624: result: func_convert_file_noop
configure:5631: checking for /usr/bin/ld option to reload object files
configure:5638: result: -r
configure:5712: checking for objdump
configure:5728: found /usr/bin/objdump
configure:5739: result: objdump
configure:5771: checking how to recognize dependent libraries
configure:5973: result: pass_all
configure:6058: checking for dlltool
configure:6088: result: no
configure:6118: checking how to associate runtime and link libraries
configure:6145: result: printf %s\n
configure:6205: checking for ar
configure:6221: found /usr/bin/ar
configure:6232: result: ar
configure:6269: checking for archiver @FILE support
configure:6286: cc -c -g -O2  conftest.c >&5
configure:6286: $? = 0
configure:6289: ar cru libconftest.a @conftest.lst >&5
configure:6292: $? = 0
configure:6297: ar cru libconftest.a @conftest.lst >&5
ar: conftest.o: No such file or directory
configure:6300: $? = 1
configure:6312: result: @
configure:6370: checking for strip
configure:6386: found /usr/bin/strip
configure:6397: result: strip
configure:6469: checking for ranlib
configure:6485: found /usr/bin/ranlib
configure:6496: result: ranlib
configure:6573: checking for gawk
configure:6600: result: gawk
configure:6640: checking command to parse /usr/bin/nm -B output from cc object
configure:6760: cc -c -g -O2  conftest.c >&5
configure:6763: $? = 0
configure:6767: /usr/bin/nm -B conftest.o \| sed -n -e 's/^.*[ ]\([ABCDGIRSTW][ABCDGIRSTW]*\)[ ][ ]*\([_A-Za-z][_A-Za-z0-9]*\)$/\1 \2 \2/p' | sed '/ __gnu_lto/d' \> conftest.nm
configure:6770: $? = 0
configure:6836: cc -o conftest -g -O2   conftest.c conftstm.o >&5
configure:6839: $? = 0
configure:6877: result: ok
configure:6914: checking for sysroot
configure:6944: result: no
configure:7200: checking for mt
configure:7216: found /bin/mt
configure:7227: result: mt
configure:7250: checking if mt is a manifest tool
configure:7256: mt '-?'
configure:7264: result: no
configure:7901: checking for ANSI C header files
configure:7921: cc -c -g -O2  conftest.c >&5
configure:7921: $? = 0
configure:7994: cc -o conftest -g -O2   conftest.c  >&5
configure:7994: $? = 0
configure:7994: ./conftest
configure:7994: $? = 0
configure:8005: result: yes
configure:8018: checking for sys/types.h
configure:8018: cc -c -g -O2  conftest.c >&5
configure:8018: $? = 0
configure:8018: result: yes
configure:8018: checking for sys/stat.h
configure:8018: cc -c -g -O2  conftest.c >&5
configure:8018: $? = 0
configure:8018: result: yes
configure:8018: checking for stdlib.h
configure:8018: cc -c -g -O2  conftest.c >&5
configure:8018: $? = 0
configure:8018: result: yes
configure:8018: checking for string.h
configure:8018: cc -c -g -O2  conftest.c >&5
configure:8018: $? = 0
configure:8018: result: yes
configure:8018: checking for memory.h
configure:8018: cc -c -g -O2  conftest.c >&5
configure:8018: $? = 0
configure:8018: result: yes
configure:8018: checking for strings.h
configure:8018: cc -c -g -O2  conftest.c >&5
configure:8018: $? = 0
configure:8018: result: yes
configure:8018: checking for inttypes.h
configure:8018: cc -c -g -O2  conftest.c >&5
configure:8018: $? = 0
configure:8018: result: yes
configure:8018: checking for stdint.h
configure:8018: cc -c -g -O2  conftest.c >&5
configure:8018: $? = 0
configure:8018: result: yes
configure:8018: checking for unistd.h
configure:8018: cc -c -g -O2  conftest.c >&5
configure:8018: $? = 0
configure:8018: result: yes
configure:8032: checking for dlfcn.h
configure:8032: cc -c -g -O2  conftest.c >&5
configure:8032: $? = 0
configure:8032: result: yes
configure:8238: checking for objdir
configure:8253: result: .libs
configure:8524: checking if cc supports -fno-rtti -fno-exceptions
configure:8542: cc -c -g -O2  -fno-rtti -fno-exceptions conftest.c >&5
cc1: warning: command line option '-fno-rtti' is valid for C++/ObjC++ but not for C [enabled by default]
configure:8546: $? = 0
configure:8559: result: no
configure:8886: checking for cc option to produce PIC
configure:8893: result: -fPIC -DPIC
configure:8901: checking if cc PIC flag -fPIC -DPIC works
configure:8919: cc -c -g -O2  -fPIC -DPIC -DPIC conftest.c >&5
configure:8923: $? = 0
configure:8936: result: yes
configure:8965: checking if cc static flag -static works
configure:8993: result: yes
configure:9008: checking if cc supports -c -o file.o
configure:9029: cc -c -g -O2  -o out/conftest2.o conftest.c >&5
configure:9033: $? = 0
configure:9055: result: yes
configure:9063: checking if cc supports -c -o file.o
configure:9110: result: yes
configure:9143: checking whether the cc linker (/usr/bin/ld) supports shared libraries
configure:10300: result: yes
configure:10337: checking whether -lc should be explicitly linked in
configure:10345: cc -c -g -O2  conftest.c >&5
configure:10348: $? = 0
configure:10363: cc -shared  -fPIC -DPIC conftest.o  -v -Wl,-soname -Wl,conftest -o conftest 2\>\&1 \| /bin/grep  -lc  \>/dev/null 2\>\&1
configure:10366: $? = 0
configure:10380: result: no
configure:10540: checking dynamic linker characteristics
configure:11051: cc -o conftest -g -O2   -Wl,-rpath -Wl,/foo conftest.c  >&5
configure:11051: $? = 0
configure:11285: result: GNU/Linux ld.so
configure:11392: checking how to hardcode library paths into programs
configure:11417: result: immediate
configure:11957: checking whether stripping libraries is possible
configure:11962: result: yes
configure:11997: checking if libtool supports shared libraries
configure:11999: result: yes
configure:12002: checking whether to build shared libraries
configure:12023: result: yes
configure:12026: checking whether to build static libraries
configure:12030: result: no
configure:12306: creating ./config.status

## ---------------------- ##
## Running config.status. ##
## ---------------------- ##

This file was extended by config.status, which was
generated by GNU Autoconf 2.68.  Invocation command line was

  CONFIG_FILES    = 
  CONFIG_HEADERS  = 
  CONFIG_LINKS    = 
  CONFIG_COMMANDS = 
  $ ./config.status 

on vm-braindump

config.status:899: creating config.h
config.status:989: config.h is unchanged
config.status:1003: executing libtool commands

## ---------------- ##
## Cache variables. ##
## ---------------- ##

ac_cv_build=i686-pc-linux-gnu
ac_cv_c_compiler_gnu=yes
ac_cv_env_CC_set=
ac_cv_env_CC_value=
ac_cv_env_CFLAGS_set=
ac_cv_env_CFLAGS_value=
ac_cv_env_CPPFLAGS_set=
ac_cv_env_CPPFLAGS_value=
ac_cv_env_CPP_set=
ac_cv_env_CPP_value=
ac_cv_env_LDFLAGS_set=
ac_cv_env_LDFLAGS_value=
ac_cv_env_LIBS_set=
ac_cv_env_LIBS_value=
ac_cv_env_build_alias_set=
ac_cv_env_build_alias_value=
ac_cv_env_host_alias_set=
ac_cv_env_host_alias_value=
ac_cv_env_target_alias_set=
ac_cv_env_target_alias_value=
ac_cv_header_dlfcn_h=yes
ac_cv_header_inttypes_h=yes
ac_cv_header_memory_h=yes
ac_cv_header_stdc=yes
ac_cv_header_stdint_h=yes
ac_cv_header_stdlib_h=yes
ac_cv_header_string_h=yes
ac_cv_header_strings_h=yes
ac_cv_header_sys_stat_h=yes
ac_cv_header_sys_types_h=yes
ac_cv_header_unistd_h=yes
ac_cv_host=i686-pc-linux-gnu
ac_cv_objext=o
ac_cv_path_EGREP='/bin/grep -E'
ac_cv_path_FGREP='/bin/grep -F'
ac_cv_path_GREP=/bin/grep
ac_cv_path_SED=/bin/sed
ac_cv_prog_AWK=gawk
ac_cv_prog_CPP='cc -E'
ac_cv_prog_ac_ct_AR=ar
ac_cv_prog_ac_ct_CC=cc
ac_cv_prog_ac_ct_MANIFEST_TOOL=mt
ac_cv_prog_ac_ct_OBJDUMP=objdump
ac_cv_prog_ac_ct_RANLIB=ranlib
ac_cv_prog_ac_ct_STRIP=strip
ac_cv_prog_cc_c89=
ac_cv_prog_cc_cc_c_o=yes
ac_cv_prog_cc_g=yes
ac_cv_target=i686-pc-linux-gnu
lt_cv_ar_at_file=@
lt_cv_archive_cmds_need_lc=no
lt_cv_deplibs_check_method=pass_all
lt_cv_file_magic_cmd='$MAGIC_CMD'
lt_cv_file_magic_test_file=
lt_cv_ld_reload_flag=-r
lt_cv_nm_interface='BSD nm'
lt_cv_objdir=.libs
lt_cv_path_LD=/usr/bin/ld
lt_cv_path_NM='/usr/bin/nm -B'
lt_cv_path_mainfest_tool=no
lt_cv_prog_compiler_c_o=yes
lt_cv_prog_compiler_pic='-fPIC -DPIC'
lt_cv_prog_compiler_pic_works=yes
lt_cv_prog_compiler_rtti_exceptions=no
lt_cv_prog_compiler_static_works=yes
lt_cv_prog_gnu_ld=yes
lt_cv_sharedlib_from_linklib_cmd='printf %s\n'
lt_cv_shlibpath_overrides_runpath=no
lt_cv_sys_global_symbol_pipe='sed -n -e '\''s/^.*[	 ]\([ABCDGIRSTW][ABCDGIRSTW]*\)[	 ][	 ]*\([_A-Za-z][_A-Za-z0-9]*\)$/\1 \2 \2/p'\'' | sed '\''/ __gnu_lto/d'\'''
lt_cv_sys_global_symbol_to_c_name_address='sed -n -e '\''s/^: \([^ ]*\)[ ]*$/  {\"\1\", (void *) 0},/p'\'' -e '\''s/^[ABCDGIRSTW]* \([^ ]*\) \([^ ]*\)$/  {"\2", (void *) \&\2},/p'\'''
lt_cv_sys_global_symbol_to_c_name_address_lib_prefix='sed -n -e '\''s/^: \([^ ]*\)[ ]*$/  {\"\1\", (void *) 0},/p'\'' -e '\''s/^[ABCDGIRSTW]* \([^ ]*\) \(lib[^ ]*\)$/  {"\2", (void *) \&\2},/p'\'' -e '\''s/^[ABCDGIRSTW]* \([^ ]*\) \([^ ]*\)$/  {"lib\2", (void *) \&\2},/p'\'''
lt_cv_sys_global_symbol_to_cdecl='sed -n -e '\''s/^T .* \(.*\)$/extern int \1();/p'\'' -e '\''s/^[ABCDGIRSTW]* .* \(.*\)$/extern char \1;/p'\'''
lt_cv_sys_max_cmd_len=1572864
lt_cv_to_host_file_cmd=func_convert_file_noop
lt_cv_to_tool_file_cmd=func_convert_file_noop
php_cv_cc_dashr=no
php_cv_cc_rpath=yes

## ----------------- ##
## Output variables. ##
## ----------------- ##

AR='ar'
AWK='gawk'
CC='cc'
CFLAGS='-g -O2'
CONFIGURE_COMMAND=' '\''./configure'\''  '\''--with-pdo-4d'\'''
CONFIGURE_OPTIONS=' '\''--with-pdo-4d'\'''
CPP='cc -E'
CPPFLAGS=' -DHAVE_CONFIG_H'
DEFS='-DHAVE_CONFIG_H'
DLLTOOL='false'
DSYMUTIL=''
DUMPBIN=''
ECHO_C=''
ECHO_N='-n'
ECHO_T=''
EGREP='/bin/grep -E'
EXEEXT=''
FGREP='/bin/grep -F'
GREP='/bin/grep'
LD='/usr/bin/ld'
LDFLAGS=''
LIBOBJS=''
LIBS=''
LIBTOOL='$(SHELL) $(top_builddir)/libtool'
LIPO=''
LN_S='ln -s'
LTLIBOBJS=''
MANIFEST_TOOL=':'
NM='/usr/bin/nm -B'
NMEDIT=''
OBJDUMP='objdump'
OBJEXT='o'
OTOOL64=''
OTOOL=''
PACKAGE_BUGREPORT=''
PACKAGE_NAME=''
PACKAGE_STRING=''
PACKAGE_TARNAME=''
PACKAGE_URL=''
PACKAGE_VERSION=''
PATH_SEPARATOR=':'
RANLIB='ranlib'
RE2C='exit 0;'
SED='/bin/sed'
SHELL='/bin/bash'
SHLIB_DL_SUFFIX_NAME='so'
SHLIB_SUFFIX_NAME='so'
STRIP='strip'
ac_ct_AR='ar'
ac_ct_CC='cc'
ac_ct_DUMPBIN=''
bindir='${exec_prefix}/bin'
build='i686-pc-linux-gnu'
build_alias=''
build_cpu='i686'
build_os='linux-gnu'
build_vendor='pc'
datadir='${datarootdir}'
datarootdir='${prefix}/share'
docdir='${datarootdir}/doc/${PACKAGE}'
dvidir='${docdir}'
exec_prefix='$(prefix)'
host='i686-pc-linux-gnu'
host_alias='i686-pc-linux-gnu'
host_cpu='i686'
host_os='linux-gnu'
host_vendor='pc'
htmldir='${docdir}'
includedir='${prefix}/include'
infodir='${datarootdir}/info'
libdir='${exec_prefix}/lib'
libexecdir='${exec_prefix}/libexec'
localedir='${datarootdir}/locale'
localstatedir='${prefix}/var'
mandir='${datarootdir}/man'
oldincludedir='/usr/include'
pdfdir='${docdir}'
prefix='/usr'
program_transform_name='s,x,x,'
psdir='${docdir}'
sbindir='${exec_prefix}/sbin'
sharedstatedir='${prefix}/com'
sysconfdir='${prefix}/etc'
target='i686-pc-linux-gnu'
target_alias=''
target_cpu='i686'
target_os='linux-gnu'
target_vendor='pc'

## ----------- ##
## confdefs.h. ##
## ----------- ##

/* confdefs.h */
#define PACKAGE_NAME ""
#define PACKAGE_TARNAME ""
#define PACKAGE_VERSION ""
#define PACKAGE_STRING ""
#define PACKAGE_BUGREPORT ""
#define PACKAGE_URL ""
#define COMPILE_DL_PDO_4D 1
#define HAVE_PDO_4D 1
#define STDC_HEADERS 1
#define HAVE_SYS_TYPES_H 1
#define HAVE_SYS_STAT_H 1
#define HAVE_STDLIB_H 1
#define HAVE_STRING_H 1
#define HAVE_MEMORY_H 1
#define HAVE_STRINGS_H 1
#define HAVE_INTTYPES_H 1
#define HAVE_STDINT_H 1
#define HAVE_UNISTD_H 1
#define HAVE_DLFCN_H 1
#define LT_OBJDIR ".libs/"

configure: exit 0
